<?xml version="1.0" encoding="UTF-8"?>
<!-- Generated by org.testng.reporters.JUnitReportReporter -->
<testsuite hostname="LAPTOP-A4GKCSC0" failures="0" tests="1" name="TestRunner.testrunner" time="135.706" errors="0" timestamp="2021-09-27T19:52:29 IST" skipped="0">
  <testcase classname="TestRunner.testrunner" name="feature" time="135.706"/>
  <system-out/>
</testsuite> <!-- TestRunner.testrunner -->
