<?xml version="1.0" encoding="UTF-8"?>
<!-- Generated by org.testng.reporters.JUnitReportReporter -->
<testsuite hostname="LAPTOP-A4GKCSC0" failures="0" tests="1" name="Test.GamingChair" time="6.781" errors="0" timestamp="2021-09-27T09:38:31 IST" skipped="0">
  <testcase classname="Test.GamingChair" name="gamingChair" time="6.781"/>
  <system-out/>
</testsuite> <!-- Test.GamingChair -->
