<?xml version="1.0" encoding="UTF-8"?>
<!-- Generated by org.testng.reporters.JUnitReportReporter -->
<testsuite hostname="LAPTOP-A4GKCSC0" failures="0" tests="2" name="Test.Login" time="29.509" errors="0" timestamp="2021-09-27T09:38:31 IST" skipped="0">
  <testcase classname="Test.Login" name="login" time="15.009"/>
  <system-out/>
  <testcase classname="Test.Login" name="login" time="14.500"/>
  <system-out/>
</testsuite> <!-- Test.Login -->
