<?xml version="1.0" encoding="UTF-8"?>
<!-- Generated by org.testng.reporters.JUnitReportReporter -->
<testsuite hostname="LAPTOP-A4GKCSC0" failures="0" tests="1" name="Test.Stores" time="8.311" errors="0" timestamp="2021-09-27T09:38:31 IST" skipped="0">
  <testcase classname="Test.Stores" name="stores" time="8.311"/>
  <system-out/>
</testsuite> <!-- Test.Stores -->
