<?xml version="1.0" encoding="UTF-8"?>
<!-- Generated by org.testng.reporters.JUnitReportReporter -->
<testsuite hostname="LAPTOP-A4GKCSC0" failures="0" tests="2" name="Test.Login" time="30.830" errors="0" timestamp="2021-09-27T08:51:37 IST" skipped="0">
  <testcase classname="Test.Login" name="login" time="15.268"/>
  <system-out/>
  <testcase classname="Test.Login" name="login" time="15.562"/>
  <system-out/>
</testsuite> <!-- Test.Login -->
