<?xml version="1.0" encoding="UTF-8"?>
<!-- Generated by org.testng.reporters.JUnitReportReporter -->
<testsuite hostname="LAPTOP-A4GKCSC0" failures="0" tests="1" name="Test.DoubleBed" time="15.229" errors="0" timestamp="2021-09-27T08:51:37 IST" skipped="0">
  <testcase classname="Test.DoubleBed" name="doublebed" time="15.229"/>
  <system-out/>
</testsuite> <!-- Test.DoubleBed -->
