<?xml version="1.0" encoding="UTF-8"?>
<!-- Generated by org.testng.reporters.JUnitReportReporter -->
<testsuite hostname="LAPTOP-A4GKCSC0" failures="0" tests="1" name="Test.Navigate" time="10.516" errors="0" timestamp="2021-09-27T08:51:37 IST" skipped="0">
  <testcase classname="Test.Navigate" name="navigate" time="10.516"/>
  <system-out/>
</testsuite> <!-- Test.Navigate -->
