<?xml version="1.0" encoding="UTF-8"?>
<!-- Generated by org.testng.reporters.JUnitReportReporter -->
<testsuite hostname="LAPTOP-A4GKCSC0" failures="0" tests="1" name="Test.Cart" time="13.986" errors="0" timestamp="2021-09-27T08:51:37 IST" skipped="0">
  <testcase classname="Test.Cart" name="addtocart" time="13.986"/>
  <system-out/>
</testsuite> <!-- Test.Cart -->
